<?xml version="1.0" encoding="UTF-8"?>
<!-- Generated by org.testng.reporters.JUnitReportReporter -->
<testsuite hostname="Maymanaf" failures="0" tests="35" name="com.expertteam.ImproveSW.FormationTest" time="26.609" errors="2" timestamp="2022-01-31T15:03:12 GMT+01:00" skipped="33">
  <testcase classname="com.expertteam.ImproveSW.FormationTest" name="formationLink" time="8.241">
    <skipped/>
  </testcase> <!-- formationLink -->
  <system-out/>
  <testcase classname="com.expertteam.ImproveSW.FormationTest" name="formationLink" time="0.000">
    <skipped/>
  </testcase> <!-- formationLink -->
  <system-out/>
  <testcase classname="com.expertteam.ImproveSW.FormationTest" name="formationLink" time="0.000">
    <skipped/>
  </testcase> <!-- formationLink -->
  <system-out/>
  <testcase classname="com.expertteam.ImproveSW.FormationTest" name="formationLink" time="0.000">
    <skipped/>
  </testcase> <!-- formationLink -->
  <system-out/>
  <testcase classname="com.expertteam.ImproveSW.FormationTest" name="tearDown" time="12.273">
    <error message="chrome not reachable
  (Session info: chrome=97.0.4692.99)
Build info: version: &#039;4.0.0-alpha-5&#039;, revision: &#039;b3a0d621cc&#039;
System info: host: &#039;MAYMANAF&#039;, ip: &#039;192.168.100.17&#039;, os.name: &#039;Windows 10&#039;, os.arch: &#039;amd64&#039;, os.version: &#039;10.0&#039;, java.version: &#039;15.0.2&#039;
Driver info: org.openqa.selenium.chrome.ChromeDriver
Capabilities {acceptInsecureCerts: false, browserName: chrome, browserVersion: 97.0.4692.99, chrome: {chromedriverVersion: 97.0.4692.71 (adefa7837d02a..., userDataDir: C:\Users\meday\AppData\Loca...}, goog:chromeOptions: {debuggerAddress: localhost:59180}, javascriptEnabled: true, networkConnectionEnabled: false, pageLoadStrategy: normal, platform: WINDOWS, platformName: WINDOWS, proxy: Proxy(), setWindowRect: true, strictFileInteractability: false, timeouts: {implicit: 0, pageLoad: 300000, script: 30000}, unhandledPromptBehavior: dismiss and notify, webauthn:extension:credBlob: true, webauthn:extension:largeBlob: true, webauthn:virtualAuthenticators: true}
Session ID: fdc8a7b827fb3b9a4b2e029c47029d67" type="org.openqa.selenium.WebDriverException">
      <![CDATA[org.openqa.selenium.WebDriverException: chrome not reachable
  (Session info: chrome=97.0.4692.99)
Build info: version: '4.0.0-alpha-5', revision: 'b3a0d621cc'
System info: host: 'MAYMANAF', ip: '192.168.100.17', os.name: 'Windows 10', os.arch: 'amd64', os.version: '10.0', java.version: '15.0.2'
Driver info: org.openqa.selenium.chrome.ChromeDriver
Capabilities {acceptInsecureCerts: false, browserName: chrome, browserVersion: 97.0.4692.99, chrome: {chromedriverVersion: 97.0.4692.71 (adefa7837d02a..., userDataDir: C:\Users\meday\AppData\Loca...}, goog:chromeOptions: {debuggerAddress: localhost:59180}, javascriptEnabled: true, networkConnectionEnabled: false, pageLoadStrategy: normal, platform: WINDOWS, platformName: WINDOWS, proxy: Proxy(), setWindowRect: true, strictFileInteractability: false, timeouts: {implicit: 0, pageLoad: 300000, script: 30000}, unhandledPromptBehavior: dismiss and notify, webauthn:extension:credBlob: true, webauthn:extension:largeBlob: true, webauthn:virtualAuthenticators: true}
Session ID: fdc8a7b827fb3b9a4b2e029c47029d67
at java.base/jdk.internal.reflect.NativeConstructorAccessorImpl.newInstance0(Native Method)
at java.base/jdk.internal.reflect.NativeConstructorAccessorImpl.newInstance(NativeConstructorAccessorImpl.java:64)
at java.base/jdk.internal.reflect.DelegatingConstructorAccessorImpl.newInstance(DelegatingConstructorAccessorImpl.java:45)
at java.base/java.lang.reflect.Constructor.newInstanceWithCaller(Constructor.java:500)
at java.base/java.lang.reflect.Constructor.newInstance(Constructor.java:481)
at org.openqa.selenium.remote.codec.w3c.W3CHttpResponseCodec.createException(W3CHttpResponseCodec.java:196)
at org.openqa.selenium.remote.codec.w3c.W3CHttpResponseCodec.decode(W3CHttpResponseCodec.java:129)
at org.openqa.selenium.remote.codec.w3c.W3CHttpResponseCodec.decode(W3CHttpResponseCodec.java:53)
at org.openqa.selenium.remote.HttpCommandExecutor.execute(HttpCommandExecutor.java:161)
at org.openqa.selenium.remote.service.DriverCommandExecutor.execute(DriverCommandExecutor.java:83)
at org.openqa.selenium.remote.RemoteWebDriver.execute(RemoteWebDriver.java:582)
at org.openqa.selenium.remote.RemoteWebDriver.execute(RemoteWebDriver.java:639)
at org.openqa.selenium.remote.RemoteWebDriver.execute(RemoteWebDriver.java:643)
at org.openqa.selenium.remote.RemoteWebDriver.close(RemoteWebDriver.java:468)
at com.expertteam.ImproveSW.FormationTest.tearDown(FormationTest.java:65)
at java.base/jdk.internal.reflect.NativeMethodAccessorImpl.invoke0(Native Method)
at java.base/jdk.internal.reflect.NativeMethodAccessorImpl.invoke(NativeMethodAccessorImpl.java:64)
at java.base/jdk.internal.reflect.DelegatingMethodAccessorImpl.invoke(DelegatingMethodAccessorImpl.java:43)
at java.base/java.lang.reflect.Method.invoke(Method.java:564)
at org.testng.internal.invokers.MethodInvocationHelper.invokeMethod(MethodInvocationHelper.java:135)
at org.testng.internal.invokers.MethodInvocationHelper.invokeMethodConsideringTimeout(MethodInvocationHelper.java:65)
at org.testng.internal.invokers.ConfigInvoker.invokeConfigurationMethod(ConfigInvoker.java:381)
at org.testng.internal.invokers.ConfigInvoker.invokeConfigurations(ConfigInvoker.java:319)
at org.testng.internal.invokers.TestInvoker.runConfigMethods(TestInvoker.java:803)
at org.testng.internal.invokers.TestInvoker.runAfterConfigurations(TestInvoker.java:772)
at org.testng.internal.invokers.TestInvoker.invokeMethod(TestInvoker.java:748)
at org.testng.internal.invokers.TestInvoker.invokeTestMethod(TestInvoker.java:220)
at org.testng.internal.invokers.MethodRunner.runInSequence(MethodRunner.java:50)
at org.testng.internal.invokers.TestInvoker$MethodInvocationAgent.invoke(TestInvoker.java:945)
at org.testng.internal.invokers.TestInvoker.invokeTestMethods(TestInvoker.java:193)
at org.testng.internal.invokers.TestMethodWorker.invokeTestMethods(TestMethodWorker.java:146)
at org.testng.internal.invokers.TestMethodWorker.run(TestMethodWorker.java:128)
at java.base/java.util.ArrayList.forEach(ArrayList.java:1511)
at org.testng.TestRunner.privateRun(TestRunner.java:808)
at org.testng.TestRunner.run(TestRunner.java:603)
at org.testng.SuiteRunner.runTest(SuiteRunner.java:429)
at org.testng.SuiteRunner.runSequentially(SuiteRunner.java:423)
at org.testng.SuiteRunner.privateRun(SuiteRunner.java:383)
at org.testng.SuiteRunner.run(SuiteRunner.java:326)
at org.testng.SuiteRunnerWorker.runSuite(SuiteRunnerWorker.java:52)
at org.testng.SuiteRunnerWorker.run(SuiteRunnerWorker.java:95)
at org.testng.TestNG.runSuitesSequentially(TestNG.java:1249)
at org.testng.TestNG.runSuitesLocally(TestNG.java:1169)
at org.testng.TestNG.runSuites(TestNG.java:1092)
at org.testng.TestNG.run(TestNG.java:1060)
at org.testng.remote.AbstractRemoteTestNG.run(AbstractRemoteTestNG.java:115)
at org.testng.remote.RemoteTestNG.initAndRun(RemoteTestNG.java:251)
at org.testng.remote.RemoteTestNG.main(RemoteTestNG.java:77)
]]>
    </error>
  </testcase> <!-- tearDown -->
  <system-out/>
  <testcase classname="com.expertteam.ImproveSW.FormationTest" name="formationLink" time="0.000">
    <skipped/>
  </testcase> <!-- formationLink -->
  <system-out/>
  <testcase classname="com.expertteam.ImproveSW.FormationTest" name="formationLink" time="0.000">
    <skipped/>
  </testcase> <!-- formationLink -->
  <system-out/>
  <testcase classname="com.expertteam.ImproveSW.FormationTest" name="formationLink" time="0.000">
    <skipped/>
  </testcase> <!-- formationLink -->
  <system-out/>
  <testcase classname="com.expertteam.ImproveSW.FormationTest" name="formationLink" time="0.000">
    <skipped/>
  </testcase> <!-- formationLink -->
  <system-out/>
  <testcase classname="com.expertteam.ImproveSW.FormationTest" name="formationLink" time="0.000">
    <skipped/>
  </testcase> <!-- formationLink -->
  <system-out/>
  <testcase classname="com.expertteam.ImproveSW.FormationTest" name="formationLink" time="0.000">
    <skipped/>
  </testcase> <!-- formationLink -->
  <system-out/>
  <testcase classname="com.expertteam.ImproveSW.FormationTest" name="formationLink" time="0.000">
    <skipped/>
  </testcase> <!-- formationLink -->
  <system-out/>
  <testcase classname="com.expertteam.ImproveSW.FormationTest" name="formationLink" time="0.000">
    <skipped/>
  </testcase> <!-- formationLink -->
  <system-out/>
  <testcase classname="com.expertteam.ImproveSW.FormationTest" name="formationLink" time="6.095">
    <error message="chrome not reachable
  (Session info: chrome=97.0.4692.99)
Build info: version: &#039;4.0.0-alpha-5&#039;, revision: &#039;b3a0d621cc&#039;
System info: host: &#039;MAYMANAF&#039;, ip: &#039;192.168.100.17&#039;, os.name: &#039;Windows 10&#039;, os.arch: &#039;amd64&#039;, os.version: &#039;10.0&#039;, java.version: &#039;15.0.2&#039;
Driver info: org.openqa.selenium.chrome.ChromeDriver
Capabilities {acceptInsecureCerts: false, browserName: chrome, browserVersion: 97.0.4692.99, chrome: {chromedriverVersion: 97.0.4692.71 (adefa7837d02a..., userDataDir: C:\Users\meday\AppData\Loca...}, goog:chromeOptions: {debuggerAddress: localhost:59180}, javascriptEnabled: true, networkConnectionEnabled: false, pageLoadStrategy: normal, platform: WINDOWS, platformName: WINDOWS, proxy: Proxy(), setWindowRect: true, strictFileInteractability: false, timeouts: {implicit: 0, pageLoad: 300000, script: 30000}, unhandledPromptBehavior: dismiss and notify, webauthn:extension:credBlob: true, webauthn:extension:largeBlob: true, webauthn:virtualAuthenticators: true}
Session ID: fdc8a7b827fb3b9a4b2e029c47029d67
*** Element info: {Using=xpath, value=//h1[@class=&#039;title&#039;]}" type="org.openqa.selenium.WebDriverException">
      <![CDATA[org.openqa.selenium.WebDriverException: chrome not reachable
  (Session info: chrome=97.0.4692.99)
Build info: version: '4.0.0-alpha-5', revision: 'b3a0d621cc'
System info: host: 'MAYMANAF', ip: '192.168.100.17', os.name: 'Windows 10', os.arch: 'amd64', os.version: '10.0', java.version: '15.0.2'
Driver info: org.openqa.selenium.chrome.ChromeDriver
Capabilities {acceptInsecureCerts: false, browserName: chrome, browserVersion: 97.0.4692.99, chrome: {chromedriverVersion: 97.0.4692.71 (adefa7837d02a..., userDataDir: C:\Users\meday\AppData\Loca...}, goog:chromeOptions: {debuggerAddress: localhost:59180}, javascriptEnabled: true, networkConnectionEnabled: false, pageLoadStrategy: normal, platform: WINDOWS, platformName: WINDOWS, proxy: Proxy(), setWindowRect: true, strictFileInteractability: false, timeouts: {implicit: 0, pageLoad: 300000, script: 30000}, unhandledPromptBehavior: dismiss and notify, webauthn:extension:credBlob: true, webauthn:extension:largeBlob: true, webauthn:virtualAuthenticators: true}
Session ID: fdc8a7b827fb3b9a4b2e029c47029d67
*** Element info: {Using=xpath, value=//h1[@class='title']}
at java.base/jdk.internal.reflect.NativeConstructorAccessorImpl.newInstance0(Native Method)
at java.base/jdk.internal.reflect.NativeConstructorAccessorImpl.newInstance(NativeConstructorAccessorImpl.java:64)
at java.base/jdk.internal.reflect.DelegatingConstructorAccessorImpl.newInstance(DelegatingConstructorAccessorImpl.java:45)
at java.base/java.lang.reflect.Constructor.newInstanceWithCaller(Constructor.java:500)
at java.base/java.lang.reflect.Constructor.newInstance(Constructor.java:481)
at org.openqa.selenium.remote.codec.w3c.W3CHttpResponseCodec.createException(W3CHttpResponseCodec.java:196)
at org.openqa.selenium.remote.codec.w3c.W3CHttpResponseCodec.decode(W3CHttpResponseCodec.java:129)
at org.openqa.selenium.remote.codec.w3c.W3CHttpResponseCodec.decode(W3CHttpResponseCodec.java:53)
at org.openqa.selenium.remote.HttpCommandExecutor.execute(HttpCommandExecutor.java:161)
at org.openqa.selenium.remote.service.DriverCommandExecutor.execute(DriverCommandExecutor.java:83)
at org.openqa.selenium.remote.RemoteWebDriver.execute(RemoteWebDriver.java:582)
at org.openqa.selenium.remote.RemoteWebDriver.findElement(RemoteWebDriver.java:333)
at org.openqa.selenium.remote.RemoteWebDriver.findElementByXPath(RemoteWebDriver.java:451)
at org.openqa.selenium.By$ByXPath.findElement(By.java:394)
at org.openqa.selenium.remote.RemoteWebDriver.findElement(RemoteWebDriver.java:325)
at org.openqa.selenium.support.pagefactory.DefaultElementLocator.findElement(DefaultElementLocator.java:70)
at org.openqa.selenium.support.pagefactory.internal.LocatingElementHandler.invoke(LocatingElementHandler.java:39)
at com.sun.proxy.$Proxy16.getText(Unknown Source)
at com.expertteam.ImproveSW.FormationTest.formationLink(FormationTest.java:43)
at java.base/jdk.internal.reflect.NativeMethodAccessorImpl.invoke0(Native Method)
at java.base/jdk.internal.reflect.NativeMethodAccessorImpl.invoke(NativeMethodAccessorImpl.java:64)
at java.base/jdk.internal.reflect.DelegatingMethodAccessorImpl.invoke(DelegatingMethodAccessorImpl.java:43)
at java.base/java.lang.reflect.Method.invoke(Method.java:564)
at org.testng.internal.invokers.MethodInvocationHelper.invokeMethod(MethodInvocationHelper.java:135)
at org.testng.internal.invokers.TestInvoker.invokeMethod(TestInvoker.java:673)
at org.testng.internal.invokers.TestInvoker.invokeTestMethod(TestInvoker.java:220)
at org.testng.internal.invokers.MethodRunner.runInSequence(MethodRunner.java:50)
at org.testng.internal.invokers.TestInvoker$MethodInvocationAgent.invoke(TestInvoker.java:945)
at org.testng.internal.invokers.TestInvoker.invokeTestMethods(TestInvoker.java:193)
at org.testng.internal.invokers.TestMethodWorker.invokeTestMethods(TestMethodWorker.java:146)
at org.testng.internal.invokers.TestMethodWorker.run(TestMethodWorker.java:128)
at java.base/java.util.ArrayList.forEach(ArrayList.java:1511)
at org.testng.TestRunner.privateRun(TestRunner.java:808)
at org.testng.TestRunner.run(TestRunner.java:603)
at org.testng.SuiteRunner.runTest(SuiteRunner.java:429)
at org.testng.SuiteRunner.runSequentially(SuiteRunner.java:423)
at org.testng.SuiteRunner.privateRun(SuiteRunner.java:383)
at org.testng.SuiteRunner.run(SuiteRunner.java:326)
at org.testng.SuiteRunnerWorker.runSuite(SuiteRunnerWorker.java:52)
at org.testng.SuiteRunnerWorker.run(SuiteRunnerWorker.java:95)
at org.testng.TestNG.runSuitesSequentially(TestNG.java:1249)
at org.testng.TestNG.runSuitesLocally(TestNG.java:1169)
at org.testng.TestNG.runSuites(TestNG.java:1092)
at org.testng.TestNG.run(TestNG.java:1060)
at org.testng.remote.AbstractRemoteTestNG.run(AbstractRemoteTestNG.java:115)
at org.testng.remote.RemoteTestNG.initAndRun(RemoteTestNG.java:251)
at org.testng.remote.RemoteTestNG.main(RemoteTestNG.java:77)
]]>
    </error>
  </testcase> <!-- formationLink -->
  <system-out/>
  <testcase classname="com.expertteam.ImproveSW.FormationTest" name="formationLink" time="0.000">
    <skipped/>
  </testcase> <!-- formationLink -->
  <system-out/>
  <testcase classname="com.expertteam.ImproveSW.FormationTest" name="formationLink" time="0.000">
    <skipped/>
  </testcase> <!-- formationLink -->
  <system-out/>
  <testcase classname="com.expertteam.ImproveSW.FormationTest" name="formationLink" time="0.000">
    <skipped/>
  </testcase> <!-- formationLink -->
  <system-out/>
  <testcase classname="com.expertteam.ImproveSW.FormationTest" name="formationLink" time="0.000">
    <skipped/>
  </testcase> <!-- formationLink -->
  <system-out/>
  <testcase classname="com.expertteam.ImproveSW.FormationTest" name="formationLink" time="0.000">
    <skipped/>
  </testcase> <!-- formationLink -->
  <system-out/>
  <testcase classname="com.expertteam.ImproveSW.FormationTest" name="formationLink" time="0.000">
    <skipped/>
  </testcase> <!-- formationLink -->
  <system-out/>
  <testcase classname="com.expertteam.ImproveSW.FormationTest" name="formationLink" time="0.000">
    <skipped/>
  </testcase> <!-- formationLink -->
  <system-out/>
  <testcase classname="com.expertteam.ImproveSW.FormationTest" name="formationLink" time="0.000">
    <skipped/>
  </testcase> <!-- formationLink -->
  <system-out/>
  <testcase classname="com.expertteam.ImproveSW.FormationTest" name="formationLink" time="0.000">
    <skipped/>
  </testcase> <!-- formationLink -->
  <system-out/>
  <testcase classname="com.expertteam.ImproveSW.FormationTest" name="formationLink" time="0.000">
    <skipped/>
  </testcase> <!-- formationLink -->
  <system-out/>
  <testcase classname="com.expertteam.ImproveSW.FormationTest" name="formationLink" time="0.000">
    <skipped/>
  </testcase> <!-- formationLink -->
  <system-out/>
  <testcase classname="com.expertteam.ImproveSW.FormationTest" name="formationLink" time="0.000">
    <skipped/>
  </testcase> <!-- formationLink -->
  <system-out/>
  <testcase classname="com.expertteam.ImproveSW.FormationTest" name="formationLink" time="0.000">
    <skipped/>
  </testcase> <!-- formationLink -->
  <system-out/>
  <testcase classname="com.expertteam.ImproveSW.FormationTest" name="formationLink" time="0.000">
    <skipped/>
  </testcase> <!-- formationLink -->
  <system-out/>
  <testcase classname="com.expertteam.ImproveSW.FormationTest" name="formationLink" time="0.000">
    <skipped/>
  </testcase> <!-- formationLink -->
  <system-out/>
  <testcase classname="com.expertteam.ImproveSW.FormationTest" name="formationLink" time="0.000">
    <skipped/>
  </testcase> <!-- formationLink -->
  <system-out/>
  <testcase classname="com.expertteam.ImproveSW.FormationTest" name="formationLink" time="0.000">
    <skipped/>
  </testcase> <!-- formationLink -->
  <system-out/>
  <testcase classname="com.expertteam.ImproveSW.FormationTest" name="formationLink" time="0.000">
    <skipped/>
  </testcase> <!-- formationLink -->
  <system-out/>
  <testcase classname="com.expertteam.ImproveSW.FormationTest" name="formationLink" time="0.000">
    <skipped/>
  </testcase> <!-- formationLink -->
  <system-out/>
  <testcase classname="com.expertteam.ImproveSW.FormationTest" name="formationLink" time="0.000">
    <skipped/>
  </testcase> <!-- formationLink -->
  <system-out/>
  <testcase classname="com.expertteam.ImproveSW.FormationTest" name="formationLink" time="0.000">
    <skipped/>
  </testcase> <!-- formationLink -->
  <system-out/>
</testsuite> <!-- com.expertteam.ImproveSW.FormationTest -->
